16:32:24.673 [main] DEBUG tests.LoginTest - Browser got launched
16:32:29.256 [main] DEBUG tests.LoginTest - Navigated to application URL
16:32:29.359 [main] DEBUG tests.LoginTest - Clicked on My Account dropdown
16:32:29.824 [main] DEBUG tests.LoginTest - Clicked on login option
16:32:32.977 [main] DEBUG tests.LoginTest - Email addressed got entered
16:32:33.026 [main] DEBUG tests.LoginTest - Password got entered
16:32:34.569 [main] DEBUG tests.LoginTest - Clicked on Login Button
16:32:37.629 [main] DEBUG tests.LoginTest - User got logged in
16:32:37.630 [main] INFO  tests.LoginTest - Login Test got passed
16:32:37.716 [main] DEBUG tests.LoginTest - Browser got closed
16:32:39.028 [main] DEBUG tests.LoginTest - Browser got launched
16:32:43.309 [main] DEBUG tests.LoginTest - Navigated to application URL
16:32:43.363 [main] DEBUG tests.LoginTest - Clicked on My Account dropdown
16:32:43.827 [main] DEBUG tests.LoginTest - Clicked on login option
16:32:46.920 [main] DEBUG tests.LoginTest - Email addressed got entered
16:32:46.969 [main] DEBUG tests.LoginTest - Password got entered
16:32:47.416 [main] DEBUG tests.LoginTest - Clicked on Login Button
16:33:00.471 [main] DEBUG tests.LoginTest - User didn't log in
16:33:00.471 [main] INFO  tests.LoginTest - Login Test got passed
16:33:00.622 [main] DEBUG tests.LoginTest - Browser got closed
